2019-08-03 21:02:35.872722 SEED 0
2019-08-03 21:02:35.872979 rule 30
2019-08-03 21:02:35.874058 initialCondition random
2019-08-03 21:02:35.874206 cellShape square
2019-08-03 21:02:35.874322 width 236
2019-08-03 21:02:35.874434 offset 0
2019-08-03 21:02:35.874544 angle -4
2019-08-03 21:02:35.874651 colorScheme 5
2019-08-03 21:02:35.874759 gridMode dead
2019-08-03 21:02:35.874867 imageWidth 900
2019-08-03 21:02:35.874974 imageHeight 900
2019-08-03 21:02:35.875081 filename out.png
2019-08-03 21:02:35.875847 Initial state: 000010101101100001111000000000100111101111101111001101110111100110101000110100011011000110111110100010111011010101111100011110100011110101110111101001110000000100101110110111000000011111000011111101111000010011001001011110110110100001001111000001110010
2019-08-03 21:02:35.875971 Running rule 30 cellular automaton...
2019-08-03 21:02:35.928076 Drawing...
2019-08-03 21:02:36.971304 Writing to "out.png"...
2019-08-03 21:02:37.147479 ------------------------------------------
2019-08-03 21:02:37.292401 SEED 1
2019-08-03 21:02:37.292930 rule 30
2019-08-03 21:02:37.293861 initialCondition random
2019-08-03 21:02:37.294179 cellShape square
2019-08-03 21:02:37.294461 width 125
2019-08-03 21:02:37.294732 offset 0
2019-08-03 21:02:37.295044 angle -13
2019-08-03 21:02:37.296203 colorScheme 6
2019-08-03 21:02:37.296629 gridMode dead
2019-08-03 21:02:37.297551 imageWidth 900
2019-08-03 21:02:37.297904 imageHeight 900
2019-08-03 21:02:37.298126 filename out.png
2019-08-03 21:02:37.298699 Initial state: 100000000011011111000001010010110110001101110100001000100010011011101000101001101101000000011010100011100101001011001000100000010010100111101100101011
2019-08-03 21:02:37.298882 Running rule 30 cellular automaton...
2019-08-03 21:02:37.447237 Drawing...
2019-08-03 21:02:38.034142 Writing to "out.png"...
2019-08-03 21:02:38.147090 ------------------------------------------
2019-08-03 21:02:38.258906 SEED 2
2019-08-03 21:02:38.259180 rule 30
2019-08-03 21:02:38.260158 initialCondition random
2019-08-03 21:02:38.260430 cellShape square
2019-08-03 21:02:38.260616 width 201
2019-08-03 21:02:38.260778 offset 0
2019-08-03 21:02:38.260928 angle 0
2019-08-03 21:02:38.261065 colorScheme 10
2019-08-03 21:02:38.261196 gridMode dead
2019-08-03 21:02:38.261325 imageWidth 900
2019-08-03 21:02:38.261461 imageHeight 900
2019-08-03 21:02:38.261599 filename out.png
2019-08-03 21:02:38.262282 Initial state: 011010010001111101110111101001100110000110100001010111010100110011000000010010010100010010010001001101010110111000101111011001100100100101010000011010001010100001100011010100000110000100000100000111000
2019-08-03 21:02:38.262558 Running rule 30 cellular automaton...
2019-08-03 21:02:38.289373 Drawing...
2019-08-03 21:02:38.705963 Writing to "out.png"...
2019-08-03 21:02:38.778426 ------------------------------------------
2019-08-03 21:02:38.925055 SEED 3
2019-08-03 21:02:38.925390 rule 30
2019-08-03 21:02:38.926459 initialCondition random
2019-08-03 21:02:38.926668 cellShape square
2019-08-03 21:02:38.926819 width 154
2019-08-03 21:02:38.926947 offset 0
2019-08-03 21:02:38.927059 angle -5
2019-08-03 21:02:38.927171 colorScheme 0
2019-08-03 21:02:38.927281 gridMode living
2019-08-03 21:02:38.927391 imageWidth 900
2019-08-03 21:02:38.927500 imageHeight 900
2019-08-03 21:02:38.927610 filename out.png
2019-08-03 21:02:38.928141 Initial state: 10100111010100100100001011100001101011000111110101111110011010100100000111111110011110010111001111001111101010111011001010000001101010010111001110000000010110001000001
2019-08-03 21:02:38.928271 Running rule 30 cellular automaton...
2019-08-03 21:02:38.944394 Drawing...
2019-08-03 21:02:39.504757 Writing to "out.png"...
2019-08-03 21:02:39.703038 ------------------------------------------
2019-08-03 21:02:39.876253 SEED 4
2019-08-03 21:02:39.877991 rule 30
2019-08-03 21:02:39.878553 initialCondition random
2019-08-03 21:02:39.878688 cellShape square
2019-08-03 21:02:39.878799 width 134
2019-08-03 21:02:39.878903 offset 0
2019-08-03 21:02:39.879012 angle 19
2019-08-03 21:02:39.879109 colorScheme 9
2019-08-03 21:02:39.879324 gridMode living
2019-08-03 21:02:39.879565 imageWidth 900
2019-08-03 21:02:39.879689 imageHeight 900
2019-08-03 21:02:39.879794 filename out.png
2019-08-03 21:02:39.880313 Initial state: 101101000011101011101101101001000010011101010101110011101100100001100110100001001001110001100011111000101000101110011000110110001111010101100111011011001000010000011100100
2019-08-03 21:02:39.880423 Running rule 30 cellular automaton...
2019-08-03 21:02:39.904559 Drawing...
2019-08-03 21:02:40.541793 Writing to "out.png"...
2019-08-03 21:02:40.684505 ------------------------------------------
2019-08-03 21:02:40.840247 SEED 5
2019-08-03 21:02:40.840568 rule 30
2019-08-03 21:02:40.841836 initialCondition random
2019-08-03 21:02:40.842127 cellShape square
2019-08-03 21:02:40.842329 width 219
2019-08-03 21:02:40.842515 offset 0
2019-08-03 21:02:40.842710 angle 13
2019-08-03 21:02:40.842881 colorScheme 0
2019-08-03 21:02:40.843038 gridMode living
2019-08-03 21:02:40.843189 imageWidth 900
2019-08-03 21:02:40.843366 imageHeight 900
2019-08-03 21:02:40.843562 filename out.png
2019-08-03 21:02:40.844828 Initial state: 01000000101001011001001110100000100010000101000001110001001101011001000101000100000111110110111100001111010011011100001010010001100011010001011101010110011011111100100100001110110101101101111100101100000001101010111100101011011101010000110101000100110101100001101
2019-08-03 21:02:40.845114 Running rule 30 cellular automaton...
2019-08-03 21:02:40.927947 Drawing...
2019-08-03 21:02:42.259511 Writing to "out.png"...
2019-08-03 21:02:42.592649 ------------------------------------------
2019-08-03 21:02:42.705599 SEED 6
2019-08-03 21:02:42.705824 rule 30
2019-08-03 21:02:42.706842 initialCondition random
2019-08-03 21:02:42.707084 cellShape square
2019-08-03 21:02:42.707256 width 190
2019-08-03 21:02:42.707410 offset 0
2019-08-03 21:02:42.707621 angle 2
2019-08-03 21:02:42.707902 colorScheme 6
2019-08-03 21:02:42.708247 gridMode dead
2019-08-03 21:02:42.708448 imageWidth 900
2019-08-03 21:02:42.708650 imageHeight 900
2019-08-03 21:02:42.708931 filename out.png
2019-08-03 21:02:42.709712 Initial state: 01110011110111100011001111101101101000110110101110100100110101100100110110001111110010110011101000011110110101111001101010101000110100000001101111100001101010011101000111110111000100101011010110101
2019-08-03 21:02:42.709933 Running rule 30 cellular automaton...
2019-08-03 21:02:42.744739 Drawing...
2019-08-03 21:02:43.526960 Writing to "out.png"...
2019-08-03 21:02:43.709594 ------------------------------------------
2019-08-03 21:02:43.853029 SEED 7
2019-08-03 21:02:43.853463 rule 30
2019-08-03 21:02:43.854549 initialCondition random
2019-08-03 21:02:43.854831 cellShape square
2019-08-03 21:02:43.855104 width 232
2019-08-03 21:02:43.855324 offset 0
2019-08-03 21:02:43.855487 angle 14
2019-08-03 21:02:43.855606 colorScheme 2
2019-08-03 21:02:43.855727 gridMode dead
2019-08-03 21:02:43.855875 imageWidth 900
2019-08-03 21:02:43.856020 imageHeight 900
2019-08-03 21:02:43.856132 filename out.png
2019-08-03 21:02:43.857305 Initial state: 011100001100110100101011110101011101101000111000000001011000010101110000011110010100011111000111001001100010111100000000111011100100111000100110111101110000001000000111101100111011010011001111010111010100010101110001110100000100001000101101000011110101110101100100101011010000111000
2019-08-03 21:02:43.857631 Running rule 30 cellular automaton...
2019-08-03 21:02:43.908274 Drawing...
2019-08-03 21:02:45.330170 Writing to "out.png"...
2019-08-03 21:02:45.486764 ------------------------------------------
2019-08-03 21:02:45.613110 SEED 8
2019-08-03 21:02:45.613344 rule 30
2019-08-03 21:02:45.615137 initialCondition random
2019-08-03 21:02:45.615376 cellShape square
2019-08-03 21:02:45.615487 width 155
2019-08-03 21:02:45.615591 offset 0
2019-08-03 21:02:45.615694 angle -17
2019-08-03 21:02:45.615795 colorScheme 8
2019-08-03 21:02:45.615909 gridMode living
2019-08-03 21:02:45.616072 imageWidth 900
2019-08-03 21:02:45.616172 imageHeight 900
2019-08-03 21:02:45.616270 filename out.png
2019-08-03 21:02:45.616863 Initial state: 00001011100011110000000111110000101000001101011101110011001110010001011000011001010001010100010110100001011111001000010000111010011110001010110100110011101010100101000101110101000100110011001011
2019-08-03 21:02:45.617041 Running rule 30 cellular automaton...
2019-08-03 21:02:45.643719 Drawing...
2019-08-03 21:02:46.603339 Writing to "out.png"...
2019-08-03 21:02:46.782380 ------------------------------------------
2019-08-03 21:02:46.930455 SEED 9
2019-08-03 21:02:46.930755 rule 30
2019-08-03 21:02:46.931823 initialCondition random
2019-08-03 21:02:46.931957 cellShape square
2019-08-03 21:02:46.932069 width 123
2019-08-03 21:02:46.932171 offset 0
2019-08-03 21:02:46.932272 angle -6
2019-08-03 21:02:46.932372 colorScheme 10
2019-08-03 21:02:46.932471 gridMode dead
2019-08-03 21:02:46.932569 imageWidth 900
2019-08-03 21:02:46.932668 imageHeight 900
2019-08-03 21:02:46.932767 filename out.png
2019-08-03 21:02:46.933240 Initial state: 0000101110000111010110110111100101001000110000001001110100000100101101000111000111011101101001000010110110001010000110000100100010010001
2019-08-03 21:02:46.933356 Running rule 30 cellular automaton...
2019-08-03 21:02:46.944873 Drawing...
2019-08-03 21:02:47.285036 Writing to "out.png"...
2019-08-03 21:02:47.406268 ------------------------------------------
2019-08-03 21:03:45.129153 SEED 0
2019-08-03 21:03:45.129536 rule 30
2019-08-03 21:03:45.130419 initialCondition random
2019-08-03 21:03:45.130651 cellShape square
2019-08-03 21:03:45.130867 width 100
2019-08-03 21:03:45.131065 offset 0
2019-08-03 21:03:45.131262 angle -4
2019-08-03 21:03:45.131469 colorScheme 5
2019-08-03 21:03:45.131669 gridMode dead
2019-08-03 21:03:45.131942 imageWidth 900
2019-08-03 21:03:45.132145 imageHeight 900
2019-08-03 21:03:45.132347 filename out.png
2019-08-03 21:03:45.133131 Initial state: 00001010110110000111100000000010011110111110111100110111011110011010100011010001101100011011111010001011101
2019-08-03 21:03:45.133415 Running rule 30 cellular automaton...
2019-08-03 21:03:45.144385 Drawing...
2019-08-03 21:03:45.458011 Writing to "out.png"...
2019-08-03 21:03:45.554815 ------------------------------------------
2019-08-03 21:03:55.228470 SEED 0
2019-08-03 21:03:55.228741 rule 30
2019-08-03 21:03:55.229938 initialCondition random
2019-08-03 21:03:55.230086 cellShape square
2019-08-03 21:03:55.230197 width 100
2019-08-03 21:03:55.230301 offset 0
2019-08-03 21:03:55.230404 angle -4
2019-08-03 21:03:55.230505 colorScheme 5
2019-08-03 21:03:55.230605 gridMode dead
2019-08-03 21:03:55.230713 imageWidth 900
2019-08-03 21:03:55.230809 imageHeight 900
2019-08-03 21:03:55.230904 filename out.png
2019-08-03 21:03:55.231300 Initial state: 00001010110110000111100000000010011110111110111100110111011110011010100011010001101100011011111010001011101
2019-08-03 21:03:55.231411 Running rule 30 cellular automaton...
2019-08-03 21:03:55.237624 Drawing...
2019-08-03 21:03:55.503409 Writing to "out.png"...
2019-08-03 21:03:55.615041 ------------------------------------------
2019-08-03 21:03:55.763681 SEED 1
2019-08-03 21:03:55.763949 rule 30
2019-08-03 21:03:55.765003 initialCondition random
2019-08-03 21:03:55.765140 cellShape square
2019-08-03 21:03:55.765249 width 100
2019-08-03 21:03:55.765353 offset 0
2019-08-03 21:03:55.765455 angle -18
2019-08-03 21:03:55.765557 colorScheme 10
2019-08-03 21:03:55.765657 gridMode dead
2019-08-03 21:03:55.765758 imageWidth 900
2019-08-03 21:03:55.765857 imageHeight 900
2019-08-03 21:03:55.765957 filename out.png
2019-08-03 21:03:55.766417 Initial state: 1110000000001101111100000101001011011000110111010000100010001001101110100010100110110100000001101010001110010100101100100010000
2019-08-03 21:03:55.766530 Running rule 30 cellular automaton...
2019-08-03 21:03:55.776500 Drawing...
2019-08-03 21:03:56.095013 Writing to "out.png"...
2019-08-03 21:03:56.220220 ------------------------------------------
2019-08-03 21:03:56.377814 SEED 2
2019-08-03 21:03:56.378106 rule 30
2019-08-03 21:03:56.379223 initialCondition random
2019-08-03 21:03:56.379361 cellShape square
2019-08-03 21:03:56.379592 width 100
2019-08-03 21:03:56.379727 offset 0
2019-08-03 21:03:56.379832 angle 20
2019-08-03 21:03:56.379932 colorScheme 5
2019-08-03 21:03:56.380029 gridMode living
2019-08-03 21:03:56.380126 imageWidth 900
2019-08-03 21:03:56.380222 imageHeight 900
2019-08-03 21:03:56.380317 filename out.png
2019-08-03 21:03:56.380781 Initial state: 001101001000111110111011110100110011000011010000101011101010011001100000001001001010001001001000100110101011011100010111101100110
2019-08-03 21:03:56.380895 Running rule 30 cellular automaton...
2019-08-03 21:03:56.391319 Drawing...
2019-08-03 21:03:56.686015 Writing to "out.png"...
2019-08-03 21:03:56.817303 ------------------------------------------
2019-08-03 21:03:56.969745 SEED 3
2019-08-03 21:03:56.969990 rule 30
2019-08-03 21:03:56.970943 initialCondition random
2019-08-03 21:03:56.971239 cellShape square
2019-08-03 21:03:56.971722 width 100
2019-08-03 21:03:56.971906 offset 0
2019-08-03 21:03:56.972049 angle -3
2019-08-03 21:03:56.972179 colorScheme 3
2019-08-03 21:03:56.972311 gridMode dead
2019-08-03 21:03:56.972486 imageWidth 900
2019-08-03 21:03:56.972673 imageHeight 900
2019-08-03 21:03:56.972871 filename out.png
2019-08-03 21:03:56.973379 Initial state: 1010011101010010010000101110000110101100011111010111111001101010010000011111111001111001011100111100111110
2019-08-03 21:03:56.973523 Running rule 30 cellular automaton...
2019-08-03 21:03:56.980772 Drawing...
2019-08-03 21:03:57.326147 Writing to "out.png"...
2019-08-03 21:03:57.456079 ------------------------------------------
2019-08-03 21:03:57.613527 SEED 4
2019-08-03 21:03:57.613767 rule 30
2019-08-03 21:03:57.615019 initialCondition random
2019-08-03 21:03:57.615156 cellShape square
2019-08-03 21:03:57.615266 width 100
2019-08-03 21:03:57.615371 offset 0
2019-08-03 21:03:57.615474 angle -13
2019-08-03 21:03:57.615577 colorScheme 9
2019-08-03 21:03:57.615678 gridMode living
2019-08-03 21:03:57.615779 imageWidth 900
2019-08-03 21:03:57.615879 imageHeight 900
2019-08-03 21:03:57.615981 filename out.png
2019-08-03 21:03:57.616427 Initial state: 101101000011101011101101101001000010011101010101110011101100100001100110100001001001110001100011111000101000101110011000
2019-08-03 21:03:57.616545 Running rule 30 cellular automaton...
2019-08-03 21:03:57.625773 Drawing...
2019-08-03 21:03:58.147537 Writing to "out.png"...
2019-08-03 21:03:58.317764 ------------------------------------------
2019-08-03 21:03:58.646277 SEED 5
2019-08-03 21:03:58.646683 rule 30
2019-08-03 21:03:58.648316 initialCondition random
2019-08-03 21:03:58.649185 cellShape square
2019-08-03 21:03:58.649390 width 100
2019-08-03 21:03:58.649554 offset 0
2019-08-03 21:03:58.649705 angle 13
2019-08-03 21:03:58.649861 colorScheme 0
2019-08-03 21:03:58.650054 gridMode living
2019-08-03 21:03:58.650248 imageWidth 900
2019-08-03 21:03:58.650434 imageHeight 900
2019-08-03 21:03:58.650720 filename out.png
2019-08-03 21:03:58.651562 Initial state: 010000001010010110010011101000001000100001010000011100010011010110010001010001000001111101101111000011110100110111000010
2019-08-03 21:03:58.651833 Running rule 30 cellular automaton...
2019-08-03 21:03:58.676748 Drawing...
2019-08-03 21:03:59.359886 Writing to "out.png"...
2019-08-03 21:03:59.507179 ------------------------------------------
2019-08-03 21:03:59.639298 SEED 6
2019-08-03 21:03:59.639539 rule 30
2019-08-03 21:03:59.640655 initialCondition random
2019-08-03 21:03:59.640908 cellShape square
2019-08-03 21:03:59.641149 width 100
2019-08-03 21:03:59.641376 offset 0
2019-08-03 21:03:59.641623 angle 15
2019-08-03 21:03:59.641880 colorScheme 5
2019-08-03 21:03:59.642111 gridMode dead
2019-08-03 21:03:59.642375 imageWidth 900
2019-08-03 21:03:59.642578 imageHeight 900
2019-08-03 21:03:59.642795 filename out.png
2019-08-03 21:03:59.643617 Initial state: 001110011110111100011001111101101101000110110101110100100110101100100110110001111110010110011101000011110110101111001101010
2019-08-03 21:03:59.643869 Running rule 30 cellular automaton...
2019-08-03 21:03:59.661545 Drawing...
2019-08-03 21:04:00.154645 Writing to "out.png"...
2019-08-03 21:04:00.256149 ------------------------------------------
2019-08-03 21:04:00.385013 SEED 7
2019-08-03 21:04:00.385339 rule 30
2019-08-03 21:04:00.387171 initialCondition random
2019-08-03 21:04:00.388246 cellShape square
2019-08-03 21:04:00.388657 width 100
2019-08-03 21:04:00.388990 offset 0
2019-08-03 21:04:00.389181 angle 14
2019-08-03 21:04:00.389333 colorScheme 2
2019-08-03 21:04:00.389537 gridMode dead
2019-08-03 21:04:00.389698 imageWidth 900
2019-08-03 21:04:00.389830 imageHeight 900
2019-08-03 21:04:00.389952 filename out.png
2019-08-03 21:04:00.390517 Initial state: 01110000110011010010101111010101110110100011100000000101100001010111000001111001010001111100011100100110001011110000000011
2019-08-03 21:04:00.390724 Running rule 30 cellular automaton...
2019-08-03 21:04:00.401245 Drawing...
2019-08-03 21:04:00.723129 Writing to "out.png"...
2019-08-03 21:04:00.826056 ------------------------------------------
2019-08-03 21:04:00.959780 SEED 8
2019-08-03 21:04:00.960047 rule 30
2019-08-03 21:04:00.961019 initialCondition random
2019-08-03 21:04:00.961354 cellShape square
2019-08-03 21:04:00.961621 width 100
2019-08-03 21:04:00.961846 offset 0
2019-08-03 21:04:00.962049 angle -3
2019-08-03 21:04:00.962241 colorScheme 10
2019-08-03 21:04:00.962447 gridMode dead
2019-08-03 21:04:00.962654 imageWidth 900
2019-08-03 21:04:00.962923 imageHeight 900
2019-08-03 21:04:00.963152 filename out.png
2019-08-03 21:04:00.963742 Initial state: 0000101110001111000000011111000010100000110101110111001100111001000101100001100101000101010001011010000101
2019-08-03 21:04:00.963966 Running rule 30 cellular automaton...
2019-08-03 21:04:00.980761 Drawing...
2019-08-03 21:04:01.262905 Writing to "out.png"...
2019-08-03 21:04:01.399470 ------------------------------------------
2019-08-03 21:04:01.570451 SEED 9
2019-08-03 21:04:01.570715 rule 30
2019-08-03 21:04:01.571779 initialCondition random
2019-08-03 21:04:01.572109 cellShape square
2019-08-03 21:04:01.572379 width 100
2019-08-03 21:04:01.572709 offset 0
2019-08-03 21:04:01.572914 angle -19
2019-08-03 21:04:01.573116 colorScheme 3
2019-08-03 21:04:01.573304 gridMode living
2019-08-03 21:04:01.573520 imageWidth 900
2019-08-03 21:04:01.573858 imageHeight 900
2019-08-03 21:04:01.574025 filename out.png
2019-08-03 21:04:01.574871 Initial state: 00000101110000111010110110111100101001000110000001001110100000100101101000111000111011101101001000010110110001010000110000100100
2019-08-03 21:04:01.575278 Running rule 30 cellular automaton...
2019-08-03 21:04:01.589660 Drawing...
2019-08-03 21:04:01.964657 Writing to "out.png"...
2019-08-03 21:04:02.111955 ------------------------------------------
2019-08-03 21:05:02.509693 SEED 0
2019-08-03 21:05:02.510655 rule 30
2019-08-03 21:05:02.512100 initialCondition random
2019-08-03 21:05:02.512881 cellShape square
2019-08-03 21:05:02.513050 width 100
2019-08-03 21:05:02.513188 offset 0
2019-08-03 21:05:02.513317 angle 0
2019-08-03 21:05:02.513432 colorScheme 10
2019-08-03 21:05:02.513545 gridMode dead
2019-08-03 21:05:02.513657 imageWidth 900
2019-08-03 21:05:02.513768 imageHeight 900
2019-08-03 21:05:02.513879 filename out.png
2019-08-03 21:05:02.514315 Initial state: 1000001010110110000111100000000010011110111110111100110111011110011010100011010001101100011011111010
2019-08-03 21:05:02.514455 Running rule 30 cellular automaton...
2019-08-03 21:05:02.522185 Drawing...
2019-08-03 21:05:02.704932 Writing to "out.png"...
2019-08-03 21:05:02.760541 ------------------------------------------
2019-08-03 21:05:02.930819 SEED 1
2019-08-03 21:05:02.931160 rule 30
2019-08-03 21:05:02.932246 initialCondition random
2019-08-03 21:05:02.932442 cellShape square
2019-08-03 21:05:02.932723 width 100
2019-08-03 21:05:02.933008 offset 0
2019-08-03 21:05:02.933230 angle 0
2019-08-03 21:05:02.933428 colorScheme 10
2019-08-03 21:05:02.933631 gridMode dead
2019-08-03 21:05:02.933814 imageWidth 900
2019-08-03 21:05:02.934006 imageHeight 900
2019-08-03 21:05:02.934190 filename out.png
2019-08-03 21:05:02.934610 Initial state: 0111000000000110111110000010100101101100011011101000010001000100110111010001010011011010000000110101
2019-08-03 21:05:02.934826 Running rule 30 cellular automaton...
2019-08-03 21:05:02.941140 Drawing...
2019-08-03 21:05:03.166139 Writing to "out.png"...
2019-08-03 21:05:03.228714 ------------------------------------------
2019-08-03 21:05:03.479664 SEED 2
2019-08-03 21:05:03.479937 rule 30
2019-08-03 21:05:03.480875 initialCondition random
2019-08-03 21:05:03.481448 cellShape square
2019-08-03 21:05:03.481851 width 100
2019-08-03 21:05:03.482543 offset 0
2019-08-03 21:05:03.482798 angle 0
2019-08-03 21:05:03.483049 colorScheme 10
2019-08-03 21:05:03.483232 gridMode living
2019-08-03 21:05:03.483465 imageWidth 900
2019-08-03 21:05:03.483696 imageHeight 900
2019-08-03 21:05:03.483902 filename out.png
2019-08-03 21:05:03.484511 Initial state: 1001101001000111110111011110100110011000011010000101011101010011001100000001001001010001001001000100
2019-08-03 21:05:03.484714 Running rule 30 cellular automaton...
2019-08-03 21:05:03.497691 Drawing...
2019-08-03 21:05:03.801194 Writing to "out.png"...
2019-08-03 21:05:03.909549 ------------------------------------------
2019-08-03 21:05:04.317790 SEED 3
2019-08-03 21:05:04.318182 rule 30
2019-08-03 21:05:04.319737 initialCondition random
2019-08-03 21:05:04.320774 cellShape square
2019-08-03 21:05:04.321008 width 100
2019-08-03 21:05:04.321169 offset 0
2019-08-03 21:05:04.321298 angle 0
2019-08-03 21:05:04.321440 colorScheme 10
2019-08-03 21:05:04.321626 gridMode dead
2019-08-03 21:05:04.322167 imageWidth 900
2019-08-03 21:05:04.322408 imageHeight 900
2019-08-03 21:05:04.322624 filename out.png
2019-08-03 21:05:04.324786 Initial state: 0010100111010100100100001011100001101011000111110101111110011010100100000111111110011110010111001111
2019-08-03 21:05:04.325612 Running rule 30 cellular automaton...
2019-08-03 21:05:04.344339 Drawing...
2019-08-03 21:05:04.665207 Writing to "out.png"...
2019-08-03 21:05:04.787743 ------------------------------------------
2019-08-03 21:05:05.099133 SEED 4
2019-08-03 21:05:05.100472 rule 30
2019-08-03 21:05:05.101687 initialCondition random
2019-08-03 21:05:05.102089 cellShape square
2019-08-03 21:05:05.104246 width 100
2019-08-03 21:05:05.104828 offset 0
2019-08-03 21:05:05.105110 angle 0
2019-08-03 21:05:05.105361 colorScheme 10
2019-08-03 21:05:05.105639 gridMode dead
2019-08-03 21:05:05.105838 imageWidth 900
2019-08-03 21:05:05.105999 imageHeight 900
2019-08-03 21:05:05.106164 filename out.png
2019-08-03 21:05:05.106858 Initial state: 1011010000111010111011011010010000100111010101011100111011001000011001101000010010011100011000111110
2019-08-03 21:05:05.107281 Running rule 30 cellular automaton...
2019-08-03 21:05:05.120346 Drawing...
2019-08-03 21:05:05.282166 Writing to "out.png"...
2019-08-03 21:05:05.328007 ------------------------------------------
2019-08-03 21:05:05.455794 SEED 5
2019-08-03 21:05:05.456026 rule 30
2019-08-03 21:05:05.457261 initialCondition random
2019-08-03 21:05:05.457479 cellShape square
2019-08-03 21:05:05.457666 width 100
2019-08-03 21:05:05.457812 offset 0
2019-08-03 21:05:05.457928 angle 0
2019-08-03 21:05:05.458040 colorScheme 10
2019-08-03 21:05:05.458150 gridMode living
2019-08-03 21:05:05.458266 imageWidth 900
2019-08-03 21:05:05.458377 imageHeight 900
2019-08-03 21:05:05.458491 filename out.png
2019-08-03 21:05:05.459095 Initial state: 0010000001010010110010011101000001000100001010000011100010011010110010001010001000001111101101111000
2019-08-03 21:05:05.459303 Running rule 30 cellular automaton...
2019-08-03 21:05:05.468207 Drawing...
2019-08-03 21:05:05.667230 Writing to "out.png"...
2019-08-03 21:05:05.720862 ------------------------------------------
2019-08-03 21:05:05.939536 SEED 6
2019-08-03 21:05:05.939855 rule 30
2019-08-03 21:05:05.941109 initialCondition random
2019-08-03 21:05:05.941369 cellShape square
2019-08-03 21:05:05.941590 width 100
2019-08-03 21:05:05.941721 offset 0
2019-08-03 21:05:05.941829 angle 0
2019-08-03 21:05:05.941979 colorScheme 10
2019-08-03 21:05:05.942172 gridMode living
2019-08-03 21:05:05.942358 imageWidth 900
2019-08-03 21:05:05.942592 imageHeight 900
2019-08-03 21:05:05.942758 filename out.png
2019-08-03 21:05:05.943283 Initial state: 1100111001111011110001100111110110110100011011010111010010011010110010011011000111111001011001110100
2019-08-03 21:05:05.943624 Running rule 30 cellular automaton...
2019-08-03 21:05:05.950025 Drawing...
2019-08-03 21:05:06.075639 Writing to "out.png"...
2019-08-03 21:05:06.120686 ------------------------------------------
2019-08-03 21:05:06.346767 SEED 7
2019-08-03 21:05:06.347175 rule 30
2019-08-03 21:05:06.347501 initialCondition random
2019-08-03 21:05:06.347723 cellShape square
2019-08-03 21:05:06.347892 width 100
2019-08-03 21:05:06.348041 offset 0
2019-08-03 21:05:06.348183 angle 0
2019-08-03 21:05:06.348327 colorScheme 10
2019-08-03 21:05:06.348466 gridMode living
2019-08-03 21:05:06.348602 imageWidth 900
2019-08-03 21:05:06.348738 imageHeight 900
2019-08-03 21:05:06.348876 filename out.png
2019-08-03 21:05:06.349423 Initial state: 0101110000110011010010101111010101110110100011100000000101100001010111000001111001010001111100011100
2019-08-03 21:05:06.349685 Running rule 30 cellular automaton...
2019-08-03 21:05:06.357116 Drawing...
2019-08-03 21:05:06.498494 Writing to "out.png"...
2019-08-03 21:05:06.541113 ------------------------------------------
2019-08-03 21:05:06.650910 SEED 8
2019-08-03 21:05:06.651169 rule 30
2019-08-03 21:05:06.652192 initialCondition random
2019-08-03 21:05:06.652419 cellShape square
2019-08-03 21:05:06.652647 width 100
2019-08-03 21:05:06.652839 offset 0
2019-08-03 21:05:06.653007 angle 0
2019-08-03 21:05:06.653237 colorScheme 10
2019-08-03 21:05:06.653426 gridMode dead
2019-08-03 21:05:06.653587 imageWidth 900
2019-08-03 21:05:06.653802 imageHeight 900
2019-08-03 21:05:06.653979 filename out.png
2019-08-03 21:05:06.654455 Initial state: 0000010111000111100000001111100001010000011010111011100110011100100010110000110010100010101000101101
2019-08-03 21:05:06.654616 Running rule 30 cellular automaton...
2019-08-03 21:05:06.663181 Drawing...
2019-08-03 21:05:06.870471 Writing to "out.png"...
2019-08-03 21:05:06.925611 ------------------------------------------
2019-08-03 21:05:07.045991 SEED 9
2019-08-03 21:05:07.046219 rule 30
2019-08-03 21:05:07.047370 initialCondition random
2019-08-03 21:05:07.047532 cellShape square
2019-08-03 21:05:07.047650 width 100
2019-08-03 21:05:07.047762 offset 0
2019-08-03 21:05:07.047872 angle 0
2019-08-03 21:05:07.047981 colorScheme 10
2019-08-03 21:05:07.048091 gridMode dead
2019-08-03 21:05:07.048199 imageWidth 900
2019-08-03 21:05:07.048305 imageHeight 900
2019-08-03 21:05:07.048411 filename out.png
2019-08-03 21:05:07.048844 Initial state: 0000001011100001110101101101111001010010001100000010011101000001001011010001110001110111011010010000
2019-08-03 21:05:07.048964 Running rule 30 cellular automaton...
2019-08-03 21:05:07.055219 Drawing...
2019-08-03 21:05:07.345968 Writing to "out.png"...
2019-08-03 21:05:07.388204 ------------------------------------------
